# JRE version: Java(TM) SE Runtime Environment (8.0_11-b12) (build 1.8.0_11-b12)
# Java VM: Java HotSpot(TM) 64-Bit Server VM (25.11-b03 mixed mode windows-amd64 compressed oops)
Heap:
 PSYoungGen      total 64512K, used 48640K [0x00000000eab00000, 0x00000000efa00000, 0x0000000100000000)
  eden space 48640K, 100% used [0x00000000eab00000,0x00000000eda80000,0x00000000eda80000)
  from space 15872K, 0% used [0x00000000eea00000,0x00000000eea00000,0x00000000ef980000)
  to   space 15872K, 0% used [0x00000000eda80000,0x00000000eda80000,0x00000000eea00000)
 ParOldGen       total 51200K, used 37818K [0x00000000c0000000, 0x00000000c3200000, 0x00000000eab00000)
  object space 51200K, 73% used [0x00000000c0000000,0x00000000c24ee940,0x00000000c3200000)
 Metaspace       used 53698K, capacity 55140K, committed 55296K, reserved 1097728K
  class space    used 7416K, capacity 7679K, committed 7680K, reserved 1048576K
GC Heap History (10 events):
Event: 31.220 GC heap before
{Heap before GC invocations=47 (full 5):
 PSYoungGen      total 59392K, used 57086K [0x00000000eab00000, 0x00000000ef180000, 0x0000000100000000)
  eden space 49152K, 99% used [0x00000000eab00000,0x00000000edae1c70,0x00000000edb00000)
  from space 10240K, 78% used [0x00000000edb00000,0x00000000ee2ddc00,0x00000000ee500000)
  to   space 10752K, 0% used [0x00000000ee700000,0x00000000ee700000,0x00000000ef180000)
 ParOldGen       total 35840K, used 28188K [0x00000000c0000000, 0x00000000c2300000, 0x00000000eab00000)
  object space 35840K, 78% used [0x00000000c0000000,0x00000000c1b873c8,0x00000000c2300000)
 Metaspace       used 46559K, capacity 47436K, committed 47744K, reserved 1089536K
  class space    used 6478K, capacity 6699K, committed 6784K, reserved 1048576K
Event: 31.253 GC heap after
Heap after GC invocations=47 (full 5):
 PSYoungGen      total 58368K, used 10730K [0x00000000eab00000, 0x00000000ef780000, 0x0000000100000000)
  eden space 47616K, 0% used [0x00000000eab00000,0x00000000eab00000,0x00000000ed980000)
  from space 10752K, 99% used [0x00000000ee700000,0x00000000ef17a810,0x00000000ef180000)
  to   space 13824K, 0% used [0x00000000ed980000,0x00000000ed980000,0x00000000ee700000)
 ParOldGen       total 35840K, used 31090K [0x00000000c0000000, 0x00000000c2300000, 0x00000000eab00000)
  object space 35840K, 86% used [0x00000000c0000000,0x00000000c1e5ca50,0x00000000c2300000)
 Metaspace       used 46559K, capacity 47436K, committed 47744K, reserved 1089536K
  class space    used 6478K, capacity 6699K, committed 6784K, reserved 1048576K
}
Event: 35.968 GC heap before
{Heap before GC invocations=48 (full 5):
 PSYoungGen      total 58368K, used 58346K [0x00000000eab00000, 0x00000000ef780000, 0x0000000100000000)
  eden space 47616K, 100% used [0x00000000eab00000,0x00000000ed980000,0x00000000ed980000)
  from space 10752K, 99% used [0x00000000ee700000,0x00000000ef17a810,0x00000000ef180000)
  to   space 13824K, 0% used [0x00000000ed980000,0x00000000ed980000,0x00000000ee700000)
 ParOldGen       total 35840K, used 31090K [0x00000000c0000000, 0x00000000c2300000, 0x00000000eab00000)
  object space 35840K, 86% used [0x00000000c0000000,0x00000000c1e5ca50,0x00000000c2300000)
 Metaspace       used 51108K, capacity 52324K, committed 52480K, reserved 1093632K
  class space    used 7094K, capacity 7373K, committed 7424K, reserved 1048576K
Event: 35.998 GC heap after
Heap after GC invocations=48 (full 5):
 PSYoungGen      total 61440K, used 13092K [0x00000000eab00000, 0x00000000ef980000, 0x0000000100000000)
  eden space 47616K, 0% used [0x00000000eab00000,0x00000000eab00000,0x00000000ed980000)
  from space 13824K, 94% used [0x00000000ed980000,0x00000000ee649290,0x00000000ee700000)
  to   space 15872K, 0% used [0x00000000eea00000,0x00000000eea00000,0x00000000ef980000)
 ParOldGen       total 37376K, used 37002K [0x00000000c0000000, 0x00000000c2480000, 0x00000000eab00000)
  object space 37376K, 99% used [0x00000000c0000000,0x00000000c2422ab0,0x00000000c2480000)
 Metaspace       used 51108K, capacity 52324K, committed 52480K, reserved 1093632K
  class space    used 7094K, capacity 7373K, committed 7424K, reserved 1048576K
}
Event: 35.998 GC heap before
{Heap before GC invocations=49 (full 6):
 PSYoungGen      total 61440K, used 13092K [0x00000000eab00000, 0x00000000ef980000, 0x0000000100000000)
  eden space 47616K, 0% used [0x00000000eab00000,0x00000000eab00000,0x00000000ed980000)
  from space 13824K, 94% used [0x00000000ed980000,0x00000000ee649290,0x00000000ee700000)
  to   space 15872K, 0% used [0x00000000eea00000,0x00000000eea00000,0x00000000ef980000)
 ParOldGen       total 37376K, used 37002K [0x00000000c0000000, 0x00000000c2480000, 0x00000000eab00000)
  object space 37376K, 99% used [0x00000000c0000000,0x00000000c2422ab0,0x00000000c2480000)
 Metaspace       used 51108K, capacity 52324K, committed 52480K, reserved 1093632K
  class space    used 7094K, capacity 7373K, committed 7424K, reserved 1048576K
Event: 36.407 GC heap after
Heap after GC invocations=49 (full 6):
 PSYoungGen      total 61440K, used 6286K [0x00000000eab00000, 0x00000000ef980000, 0x0000000100000000)
  eden space 47616K, 0% used [0x00000000eab00000,0x00000000eab00000,0x00000000ed980000)
  from space 13824K, 45% used [0x00000000ed980000,0x00000000edfa3b60,0x00000000ee700000)
  to   space 15872K, 0% used [0x00000000eea00000,0x00000000eea00000,0x00000000ef980000)
 ParOldGen       total 51200K, used 36729K [0x00000000c0000000, 0x00000000c3200000, 0x00000000eab00000)
  object space 51200K, 71% used [0x00000000c0000000,0x00000000c23de550,0x00000000c3200000)
 Metaspace       used 51108K, capacity 52324K, committed 52480K, reserved 1093632K
  class space    used 7094K, capacity 7373K, committed 7424K, reserved 1048576K
}
Event: 41.505 GC heap before
{Heap before GC invocations=50 (full 6):
 PSYoungGen      total 61440K, used 46880K [0x00000000eab00000, 0x00000000ef980000, 0x0000000100000000)
  eden space 47616K, 85% used [0x00000000eab00000,0x00000000ed2a47d8,0x00000000ed980000)
  from space 13824K, 45% used [0x00000000ed980000,0x00000000edfa3b60,0x00000000ee700000)
  to   space 15872K, 0% used [0x00000000eea00000,0x00000000eea00000,0x00000000ef980000)
 ParOldGen       total 51200K, used 36729K [0x00000000c0000000, 0x00000000c3200000, 0x00000000eab00000)
  object space 51200K, 71% used [0x00000000c0000000,0x00000000c23de550,0x00000000c3200000)
 Metaspace       used 53365K, capacity 54642K, committed 54784K, reserved 1095680K
  class space    used 7392K, capacity 7652K, committed 7680K, reserved 1048576K
Event: 41.523 GC heap after
Heap after GC invocations=50 (full 6):
 PSYoungGen      total 64512K, used 9156K [0x00000000eab00000, 0x00000000efa00000, 0x0000000100000000)
  eden space 48640K, 0% used [0x00000000eab00000,0x00000000eab00000,0x00000000eda80000)
  from space 15872K, 57% used [0x00000000eea00000,0x00000000ef2f1158,0x00000000ef980000)
  to   space 15872K, 0% used [0x00000000eda80000,0x00000000eda80000,0x00000000eea00000)
 ParOldGen       total 51200K, used 36737K [0x00000000c0000000, 0x00000000c3200000, 0x00000000eab00000)
  object space 51200K, 71% used [0x00000000c0000000,0x00000000c23e0550,0x00000000c3200000)
 Metaspace       used 53365K, capacity 54642K, committed 54784K, reserved 1095680K
  class space    used 7392K, capacity 7652K, committed 7680K, reserved 1048576K
}
Event: 41.523 GC heap before
{Heap before GC invocations=51 (full 7):
 PSYoungGen      total 64512K, used 9156K [0x00000000eab00000, 0x00000000efa00000, 0x0000000100000000)
  eden space 48640K, 0% used [0x00000000eab00000,0x00000000eab00000,0x00000000eda80000)
  from space 15872K, 57% used [0x00000000eea00000,0x00000000ef2f1158,0x00000000ef980000)
  to   space 15872K, 0% used [0x00000000eda80000,0x00000000eda80000,0x00000000eea00000)
 ParOldGen       total 51200K, used 36737K [0x00000000c0000000, 0x00000000c3200000, 0x00000000eab00000)
  object space 51200K, 71% used [0x00000000c0000000,0x00000000c23e0550,0x00000000c3200000)
 Metaspace       used 53365K, capacity 54642K, committed 54784K, reserved 1095680K
  class space    used 7392K, capacity 7652K, committed 7680K, reserved 1048576K
Event: 41.869 GC heap after
Heap after GC invocations=51 (full 7):
 PSYoungGen      total 64512K, used 0K [0x00000000eab00000, 0x00000000efa00000, 0x0000000100000000)
  eden space 48640K, 0% used [0x00000000eab00000,0x00000000eab00000,0x00000000eda80000)
  from space 15872K, 0% used [0x00000000eea00000,0x00000000eea00000,0x00000000ef980000)
  to   space 15872K, 0% used [0x00000000eda80000,0x00000000eda80000,0x00000000eea00000)
 ParOldGen       total 51200K, used 37818K [0x00000000c0000000, 0x00000000c3200000, 0x00000000eab00000)
  object space 51200K, 73% used [0x00000000c0000000,0x00000000c24ee940,0x00000000c3200000)
 Metaspace       used 53365K, capacity 54642K, committed 54784K, reserved 1095680K
  class space    used 7392K, capacity 7652K, committed 7680K, reserved 1048576K
}

