# JRE version: Java(TM) SE Runtime Environment (8.0_11-b12) (build 1.8.0_11-b12)
# Java VM: Java HotSpot(TM) 64-Bit Server VM (25.11-b03 mixed mode windows-amd64 compressed oops)
Heap:
 PSYoungGen      total 29696K, used 9696K [0x00000000eab00000, 0x00000000ecc80000, 0x0000000100000000)
  eden space 26624K, 25% used [0x00000000eab00000,0x00000000eb1b6968,0x00000000ec500000)
  from space 3072K, 91% used [0x00000000ec880000,0x00000000ecb41710,0x00000000ecb80000)
  to   space 3584K, 0% used [0x00000000ec500000,0x00000000ec500000,0x00000000ec880000)
 ParOldGen       total 195072K, used 5471K [0x00000000c0000000, 0x00000000cbe80000, 0x00000000eab00000)
  object space 195072K, 2% used [0x00000000c0000000,0x00000000c0557e98,0x00000000cbe80000)
 Metaspace       used 16644K, capacity 16966K, committed 17024K, reserved 1064960K
  class space    used 2301K, capacity 2379K, committed 2432K, reserved 1048576K
GC Heap History (10 events):
Event: 0.886 GC heap before
{Heap before GC invocations=12 (full 0):
 PSYoungGen      total 7680K, used 6848K [0x00000000eab00000, 0x00000000eb880000, 0x0000000100000000)
  eden space 6656K, 100% used [0x00000000eab00000,0x00000000eb180000,0x00000000eb180000)
  from space 1024K, 18% used [0x00000000eb180000,0x00000000eb1b0000,0x00000000eb280000)
  to   space 1536K, 0% used [0x00000000eb700000,0x00000000eb700000,0x00000000eb880000)
 ParOldGen       total 195072K, used 1923K [0x00000000c0000000, 0x00000000cbe80000, 0x00000000eab00000)
  object space 195072K, 0% used [0x00000000c0000000,0x00000000c01e0d18,0x00000000cbe80000)
 Metaspace       used 5959K, capacity 6202K, committed 6272K, reserved 1056768K
  class space    used 763K, capacity 834K, committed 896K, reserved 1048576K
Event: 0.887 GC heap after
Heap after GC invocations=12 (full 0):
 PSYoungGen      total 12288K, used 882K [0x00000000eab00000, 0x00000000eb880000, 0x0000000100000000)
  eden space 10752K, 0% used [0x00000000eab00000,0x00000000eab00000,0x00000000eb580000)
  from space 1536K, 57% used [0x00000000eb700000,0x00000000eb7dcb50,0x00000000eb880000)
  to   space 1536K, 0% used [0x00000000eb580000,0x00000000eb580000,0x00000000eb700000)
 ParOldGen       total 195072K, used 1987K [0x00000000c0000000, 0x00000000cbe80000, 0x00000000eab00000)
  object space 195072K, 1% used [0x00000000c0000000,0x00000000c01f0d18,0x00000000cbe80000)
 Metaspace       used 5959K, capacity 6202K, committed 6272K, reserved 1056768K
  class space    used 763K, capacity 834K, committed 896K, reserved 1048576K
}
Event: 1.489 GC heap before
{Heap before GC invocations=13 (full 0):
 PSYoungGen      total 12288K, used 11634K [0x00000000eab00000, 0x00000000eb880000, 0x0000000100000000)
  eden space 10752K, 100% used [0x00000000eab00000,0x00000000eb580000,0x00000000eb580000)
  from space 1536K, 57% used [0x00000000eb700000,0x00000000eb7dcb50,0x00000000eb880000)
  to   space 1536K, 0% used [0x00000000eb580000,0x00000000eb580000,0x00000000eb700000)
 ParOldGen       total 195072K, used 1987K [0x00000000c0000000, 0x00000000cbe80000, 0x00000000eab00000)
  object space 195072K, 1% used [0x00000000c0000000,0x00000000c01f0d18,0x00000000cbe80000)
 Metaspace       used 8232K, capacity 8468K, committed 8704K, reserved 1056768K
  class space    used 1077K, capacity 1160K, committed 1280K, reserved 1048576K
Event: 1.500 GC heap after
Heap after GC invocations=13 (full 0):
 PSYoungGen      total 12288K, used 1440K [0x00000000eab00000, 0x00000000ebf00000, 0x0000000100000000)
  eden space 10752K, 0% used [0x00000000eab00000,0x00000000eab00000,0x00000000eb580000)
  from space 1536K, 93% used [0x00000000eb580000,0x00000000eb6e8000,0x00000000eb700000)
  to   space 1536K, 0% used [0x00000000ebd80000,0x00000000ebd80000,0x00000000ebf00000)
 ParOldGen       total 195072K, used 2371K [0x00000000c0000000, 0x00000000cbe80000, 0x00000000eab00000)
  object space 195072K, 1% used [0x00000000c0000000,0x00000000c0250d18,0x00000000cbe80000)
 Metaspace       used 8232K, capacity 8468K, committed 8704K, reserved 1056768K
  class space    used 1077K, capacity 1160K, committed 1280K, reserved 1048576K
}
Event: 1.772 GC heap before
{Heap before GC invocations=14 (full 0):
 PSYoungGen      total 12288K, used 12192K [0x00000000eab00000, 0x00000000ebf00000, 0x0000000100000000)
  eden space 10752K, 100% used [0x00000000eab00000,0x00000000eb580000,0x00000000eb580000)
  from space 1536K, 93% used [0x00000000eb580000,0x00000000eb6e8000,0x00000000eb700000)
  to   space 1536K, 0% used [0x00000000ebd80000,0x00000000ebd80000,0x00000000ebf00000)
 ParOldGen       total 195072K, used 2371K [0x00000000c0000000, 0x00000000cbe80000, 0x00000000eab00000)
  object space 195072K, 1% used [0x00000000c0000000,0x00000000c0250d18,0x00000000cbe80000)
 Metaspace       used 10054K, capacity 10342K, committed 10496K, reserved 1058816K
  class space    used 1373K, capacity 1451K, committed 1536K, reserved 1048576K
Event: 1.777 GC heap after
Heap after GC invocations=14 (full 0):
 PSYoungGen      total 18432K, used 1518K [0x00000000eab00000, 0x00000000ec000000, 0x0000000100000000)
  eden space 16896K, 0% used [0x00000000eab00000,0x00000000eab00000,0x00000000ebb80000)
  from space 1536K, 98% used [0x00000000ebd80000,0x00000000ebefbb30,0x00000000ebf00000)
  to   space 2048K, 0% used [0x00000000ebb80000,0x00000000ebb80000,0x00000000ebd80000)
 ParOldGen       total 195072K, used 3137K [0x00000000c0000000, 0x00000000cbe80000, 0x00000000eab00000)
  object space 195072K, 1% used [0x00000000c0000000,0x00000000c03104e0,0x00000000cbe80000)
 Metaspace       used 10054K, capacity 10342K, committed 10496K, reserved 1058816K
  class space    used 1373K, capacity 1451K, committed 1536K, reserved 1048576K
}
Event: 2.041 GC heap before
{Heap before GC invocations=15 (full 0):
 PSYoungGen      total 18432K, used 18414K [0x00000000eab00000, 0x00000000ec000000, 0x0000000100000000)
  eden space 16896K, 100% used [0x00000000eab00000,0x00000000ebb80000,0x00000000ebb80000)
  from space 1536K, 98% used [0x00000000ebd80000,0x00000000ebefbb30,0x00000000ebf00000)
  to   space 2048K, 0% used [0x00000000ebb80000,0x00000000ebb80000,0x00000000ebd80000)
 ParOldGen       total 195072K, used 3137K [0x00000000c0000000, 0x00000000cbe80000, 0x00000000eab00000)
  object space 195072K, 1% used [0x00000000c0000000,0x00000000c03104e0,0x00000000cbe80000)
 Metaspace       used 12488K, capacity 12774K, committed 12800K, reserved 1060864K
  class space    used 1678K, capacity 1771K, committed 1792K, reserved 1048576K
Event: 2.048 GC heap after
Heap after GC invocations=15 (full 0):
 PSYoungGen      total 18944K, used 2039K [0x00000000eab00000, 0x00000000ecb80000, 0x0000000100000000)
  eden space 16896K, 0% used [0x00000000eab00000,0x00000000eab00000,0x00000000ebb80000)
  from space 2048K, 99% used [0x00000000ebb80000,0x00000000ebd7dc88,0x00000000ebd80000)
  to   space 3072K, 0% used [0x00000000ec880000,0x00000000ec880000,0x00000000ecb80000)
 ParOldGen       total 195072K, used 4502K [0x00000000c0000000, 0x00000000cbe80000, 0x00000000eab00000)
  object space 195072K, 2% used [0x00000000c0000000,0x00000000c0465ae8,0x00000000cbe80000)
 Metaspace       used 12488K, capacity 12774K, committed 12800K, reserved 1060864K
  class space    used 1678K, capacity 1771K, committed 1792K, reserved 1048576K
}
Event: 2.375 GC heap before
{Heap before GC invocations=16 (full 0):
 PSYoungGen      total 18944K, used 18935K [0x00000000eab00000, 0x00000000ecb80000, 0x0000000100000000)
  eden space 16896K, 100% used [0x00000000eab00000,0x00000000ebb80000,0x00000000ebb80000)
  from space 2048K, 99% used [0x00000000ebb80000,0x00000000ebd7dc88,0x00000000ebd80000)
  to   space 3072K, 0% used [0x00000000ec880000,0x00000000ec880000,0x00000000ecb80000)
 ParOldGen       total 195072K, used 4502K [0x00000000c0000000, 0x00000000cbe80000, 0x00000000eab00000)
  object space 195072K, 2% used [0x00000000c0000000,0x00000000c0465ae8,0x00000000cbe80000)
 Metaspace       used 15703K, capacity 16070K, committed 16128K, reserved 1062912K
  class space    used 2148K, capacity 2251K, committed 2304K, reserved 1048576K
Event: 2.381 GC heap after
Heap after GC invocations=16 (full 0):
 PSYoungGen      total 29696K, used 2821K [0x00000000eab00000, 0x00000000ecc80000, 0x0000000100000000)
  eden space 26624K, 0% used [0x00000000eab00000,0x00000000eab00000,0x00000000ec500000)
  from space 3072K, 91% used [0x00000000ec880000,0x00000000ecb41710,0x00000000ecb80000)
  to   space 3584K, 0% used [0x00000000ec500000,0x00000000ec500000,0x00000000ec880000)
 ParOldGen       total 195072K, used 5471K [0x00000000c0000000, 0x00000000cbe80000, 0x00000000eab00000)
  object space 195072K, 2% used [0x00000000c0000000,0x00000000c0557e98,0x00000000cbe80000)
 Metaspace       used 15703K, capacity 16070K, committed 16128K, reserved 1062912K
  class space    used 2148K, capacity 2251K, committed 2304K, reserved 1048576K
}

