# JRE version: Java(TM) SE Runtime Environment (8.0_11-b12) (build 1.8.0_11-b12)
# Java VM: Java HotSpot(TM) 64-Bit Server VM (25.11-b03 mixed mode windows-amd64 compressed oops)
Heap:
 PSYoungGen      total 157696K, used 37254K [0x00000000eab00000, 0x00000000f6c00000, 0x0000000100000000)
  eden space 120320K, 17% used [0x00000000eab00000,0x00000000ebfc8b28,0x00000000f2080000)
  from space 37376K, 42% used [0x00000000f2080000,0x00000000f3018d88,0x00000000f4500000)
  to   space 36352K, 0% used [0x00000000f4880000,0x00000000f4880000,0x00000000f6c00000)
 ParOldGen       total 72704K, used 41528K [0x00000000c0000000, 0x00000000c4700000, 0x00000000eab00000)
  object space 72704K, 57% used [0x00000000c0000000,0x00000000c288e0d0,0x00000000c4700000)
 Metaspace       used 67572K, capacity 72344K, committed 72576K, reserved 1112064K
  class space    used 9192K, capacity 9758K, committed 9856K, reserved 1048576K
GC Heap History (10 events):
Event: 16663.488 GC heap before
{Heap before GC invocations=133 (full 19):
 PSYoungGen      total 168448K, used 128505K [0x00000000eab00000, 0x00000000f7b80000, 0x0000000100000000)
  eden space 122880K, 100% used [0x00000000eab00000,0x00000000f2300000,0x00000000f2300000)
  from space 45568K, 12% used [0x00000000f2300000,0x00000000f287e480,0x00000000f4f80000)
  to   space 44032K, 0% used [0x00000000f5080000,0x00000000f5080000,0x00000000f7b80000)
 ParOldGen       total 72704K, used 41523K [0x00000000c0000000, 0x00000000c4700000, 0x00000000eab00000)
  object space 72704K, 57% used [0x00000000c0000000,0x00000000c288ccb0,0x00000000c4700000)
 Metaspace       used 61058K, capacity 65530K, committed 65664K, reserved 1105920K
  class space    used 8184K, capacity 8723K, committed 8832K, reserved 1048576K
Event: 16663.496 GC heap after
Heap after GC invocations=133 (full 19):
 PSYoungGen      total 165376K, used 10728K [0x00000000eab00000, 0x00000000f7700000, 0x0000000100000000)
  eden space 125952K, 0% used [0x00000000eab00000,0x00000000eab00000,0x00000000f2600000)
  from space 39424K, 27% used [0x00000000f5080000,0x00000000f5afa290,0x00000000f7700000)
  to   space 41472K, 0% used [0x00000000f2600000,0x00000000f2600000,0x00000000f4e80000)
 ParOldGen       total 72704K, used 41531K [0x00000000c0000000, 0x00000000c4700000, 0x00000000eab00000)
  object space 72704K, 57% used [0x00000000c0000000,0x00000000c288ecb0,0x00000000c4700000)
 Metaspace       used 61058K, capacity 65530K, committed 65664K, reserved 1105920K
  class space    used 8184K, capacity 8723K, committed 8832K, reserved 1048576K
}
Event: 16664.155 GC heap before
{Heap before GC invocations=134 (full 19):
 PSYoungGen      total 165376K, used 46322K [0x00000000eab00000, 0x00000000f7700000, 0x0000000100000000)
  eden space 125952K, 28% used [0x00000000eab00000,0x00000000ecdc2788,0x00000000f2600000)
  from space 39424K, 27% used [0x00000000f5080000,0x00000000f5afa290,0x00000000f7700000)
  to   space 41472K, 0% used [0x00000000f2600000,0x00000000f2600000,0x00000000f4e80000)
 ParOldGen       total 72704K, used 41531K [0x00000000c0000000, 0x00000000c4700000, 0x00000000eab00000)
  object space 72704K, 57% used [0x00000000c0000000,0x00000000c288ecb0,0x00000000c4700000)
 Metaspace       used 61062K, capacity 65530K, committed 65664K, reserved 1105920K
  class space    used 8184K, capacity 8723K, committed 8832K, reserved 1048576K
Event: 16664.158 GC heap after
Heap after GC invocations=134 (full 19):
 PSYoungGen      total 130048K, used 3881K [0x00000000eab00000, 0x00000000f7400000, 0x0000000100000000)
  eden space 125952K, 0% used [0x00000000eab00000,0x00000000eab00000,0x00000000f2600000)
  from space 4096K, 94% used [0x00000000f2600000,0x00000000f29ca658,0x00000000f2a00000)
  to   space 39936K, 0% used [0x00000000f4d00000,0x00000000f4d00000,0x00000000f7400000)
 ParOldGen       total 72704K, used 41531K [0x00000000c0000000, 0x00000000c4700000, 0x00000000eab00000)
  object space 72704K, 57% used [0x00000000c0000000,0x00000000c288ecb0,0x00000000c4700000)
 Metaspace       used 61062K, capacity 65530K, committed 65664K, reserved 1105920K
  class space    used 8184K, capacity 8723K, committed 8832K, reserved 1048576K
}
Event: 16664.158 GC heap before
{Heap before GC invocations=135 (full 20):
 PSYoungGen      total 130048K, used 3881K [0x00000000eab00000, 0x00000000f7400000, 0x0000000100000000)
  eden space 125952K, 0% used [0x00000000eab00000,0x00000000eab00000,0x00000000f2600000)
  from space 4096K, 94% used [0x00000000f2600000,0x00000000f29ca658,0x00000000f2a00000)
  to   space 39936K, 0% used [0x00000000f4d00000,0x00000000f4d00000,0x00000000f7400000)
 ParOldGen       total 72704K, used 41531K [0x00000000c0000000, 0x00000000c4700000, 0x00000000eab00000)
  object space 72704K, 57% used [0x00000000c0000000,0x00000000c288ecb0,0x00000000c4700000)
 Metaspace       used 61062K, capacity 65530K, committed 65664K, reserved 1105920K
  class space    used 8184K, capacity 8723K, committed 8832K, reserved 1048576K
Event: 16664.409 GC heap after
Heap after GC invocations=135 (full 20):
 PSYoungGen      total 130048K, used 0K [0x00000000eab00000, 0x00000000f7400000, 0x0000000100000000)
  eden space 125952K, 0% used [0x00000000eab00000,0x00000000eab00000,0x00000000f2600000)
  from space 4096K, 0% used [0x00000000f2600000,0x00000000f2600000,0x00000000f2a00000)
  to   space 39936K, 0% used [0x00000000f4d00000,0x00000000f4d00000,0x00000000f7400000)
 ParOldGen       total 72704K, used 41520K [0x00000000c0000000, 0x00000000c4700000, 0x00000000eab00000)
  object space 72704K, 57% used [0x00000000c0000000,0x00000000c288c0d0,0x00000000c4700000)
 Metaspace       used 61062K, capacity 65530K, committed 65664K, reserved 1105920K
  class space    used 8184K, capacity 8723K, committed 8832K, reserved 1048576K
}
Event: 19572.993 GC heap before
{Heap before GC invocations=136 (full 20):
 PSYoungGen      total 130048K, used 125952K [0x00000000eab00000, 0x00000000f7400000, 0x0000000100000000)
  eden space 125952K, 100% used [0x00000000eab00000,0x00000000f2600000,0x00000000f2600000)
  from space 4096K, 0% used [0x00000000f2600000,0x00000000f2600000,0x00000000f2a00000)
  to   space 39936K, 0% used [0x00000000f4d00000,0x00000000f4d00000,0x00000000f7400000)
 ParOldGen       total 72704K, used 41520K [0x00000000c0000000, 0x00000000c4700000, 0x00000000eab00000)
  object space 72704K, 57% used [0x00000000c0000000,0x00000000c288c0d0,0x00000000c4700000)
 Metaspace       used 65169K, capacity 69812K, committed 70144K, reserved 1110016K
  class space    used 8788K, capacity 9349K, committed 9472K, reserved 1048576K
Event: 19573.017 GC heap after
Heap after GC invocations=136 (full 20):
 PSYoungGen      total 149504K, used 11663K [0x00000000eab00000, 0x00000000f6980000, 0x0000000100000000)
  eden space 120320K, 0% used [0x00000000eab00000,0x00000000eab00000,0x00000000f2080000)
  from space 29184K, 39% used [0x00000000f4d00000,0x00000000f5863d88,0x00000000f6980000)
  to   space 37376K, 0% used [0x00000000f2080000,0x00000000f2080000,0x00000000f4500000)
 ParOldGen       total 72704K, used 41528K [0x00000000c0000000, 0x00000000c4700000, 0x00000000eab00000)
  object space 72704K, 57% used [0x00000000c0000000,0x00000000c288e0d0,0x00000000c4700000)
 Metaspace       used 65169K, capacity 69812K, committed 70144K, reserved 1110016K
  class space    used 8788K, capacity 9349K, committed 9472K, reserved 1048576K
}
Event: 19575.354 GC heap before
{Heap before GC invocations=137 (full 20):
 PSYoungGen      total 149504K, used 131983K [0x00000000eab00000, 0x00000000f6980000, 0x0000000100000000)
  eden space 120320K, 100% used [0x00000000eab00000,0x00000000f2080000,0x00000000f2080000)
  from space 29184K, 39% used [0x00000000f4d00000,0x00000000f5863d88,0x00000000f6980000)
  to   space 37376K, 0% used [0x00000000f2080000,0x00000000f2080000,0x00000000f4500000)
 ParOldGen       total 72704K, used 41528K [0x00000000c0000000, 0x00000000c4700000, 0x00000000eab00000)
  object space 72704K, 57% used [0x00000000c0000000,0x00000000c288e0d0,0x00000000c4700000)
 Metaspace       used 66950K, capacity 71694K, committed 71936K, reserved 1112064K
  class space    used 9082K, capacity 9668K, committed 9728K, reserved 1048576K
Event: 19575.441 GC heap after
Heap after GC invocations=137 (full 20):
 PSYoungGen      total 157696K, used 15971K [0x00000000eab00000, 0x00000000f6c00000, 0x0000000100000000)
  eden space 120320K, 0% used [0x00000000eab00000,0x00000000eab00000,0x00000000f2080000)
  from space 37376K, 42% used [0x00000000f2080000,0x00000000f3018d88,0x00000000f4500000)
  to   space 36352K, 0% used [0x00000000f4880000,0x00000000f4880000,0x00000000f6c00000)
 ParOldGen       total 72704K, used 41528K [0x00000000c0000000, 0x00000000c4700000, 0x00000000eab00000)
  object space 72704K, 57% used [0x00000000c0000000,0x00000000c288e0d0,0x00000000c4700000)
 Metaspace       used 66950K, capacity 71694K, committed 71936K, reserved 1112064K
  class space    used 9082K, capacity 9668K, committed 9728K, reserved 1048576K
}

