# JRE version: Java(TM) SE Runtime Environment (8.0_11-b12) (build 1.8.0_11-b12)
# Java VM: Java HotSpot(TM) 64-Bit Server VM (25.11-b03 mixed mode windows-amd64 compressed oops)
Heap:
 PSYoungGen      total 51200K, used 34945K [0x00000000eab00000, 0x00000000ee100000, 0x0000000100000000)
  eden space 47104K, 74% used [0x00000000eab00000,0x00000000ecd20750,0x00000000ed900000)
  from space 4096K, 0% used [0x00000000edd00000,0x00000000edd00000,0x00000000ee100000)
  to   space 4096K, 0% used [0x00000000ed900000,0x00000000ed900000,0x00000000edd00000)
 ParOldGen       total 11776K, used 8843K [0x00000000c0000000, 0x00000000c0b80000, 0x00000000eab00000)
  object space 11776K, 75% used [0x00000000c0000000,0x00000000c08a2db8,0x00000000c0b80000)
 Metaspace       used 22944K, capacity 23246K, committed 23424K, reserved 1069056K
  class space    used 3064K, capacity 3137K, committed 3200K, reserved 1048576K
GC Heap History (10 events):
Event: 2.266 GC heap before
{Heap before GC invocations=13 (full 0):
 PSYoungGen      total 19968K, used 19942K [0x00000000eab00000, 0x00000000ec180000, 0x0000000100000000)
  eden space 18432K, 99% used [0x00000000eab00000,0x00000000ebcfcf40,0x00000000ebd00000)
  from space 1536K, 99% used [0x00000000ebf00000,0x00000000ec07c8e8,0x00000000ec080000)
  to   space 2048K, 0% used [0x00000000ebd00000,0x00000000ebd00000,0x00000000ebf00000)
 ParOldGen       total 195072K, used 3299K [0x00000000c0000000, 0x00000000cbe80000, 0x00000000eab00000)
  object space 195072K, 1% used [0x00000000c0000000,0x00000000c0338cd0,0x00000000cbe80000)
 Metaspace       used 14061K, capacity 14372K, committed 14592K, reserved 1062912K
  class space    used 1886K, capacity 2000K, committed 2048K, reserved 1048576K
Event: 2.276 GC heap after
Heap after GC invocations=13 (full 0):
 PSYoungGen      total 20480K, used 2030K [0x00000000eab00000, 0x00000000ece00000, 0x0000000100000000)
  eden space 18432K, 0% used [0x00000000eab00000,0x00000000eab00000,0x00000000ebd00000)
  from space 2048K, 99% used [0x00000000ebd00000,0x00000000ebefbb48,0x00000000ebf00000)
  to   space 3072K, 0% used [0x00000000ecb00000,0x00000000ecb00000,0x00000000ece00000)
 ParOldGen       total 195072K, used 5434K [0x00000000c0000000, 0x00000000cbe80000, 0x00000000eab00000)
  object space 195072K, 2% used [0x00000000c0000000,0x00000000c054eb58,0x00000000cbe80000)
 Metaspace       used 14061K, capacity 14372K, committed 14592K, reserved 1062912K
  class space    used 1886K, capacity 2000K, committed 2048K, reserved 1048576K
}
Event: 2.582 GC heap before
{Heap before GC invocations=14 (full 0):
 PSYoungGen      total 20480K, used 20462K [0x00000000eab00000, 0x00000000ece00000, 0x0000000100000000)
  eden space 18432K, 100% used [0x00000000eab00000,0x00000000ebd00000,0x00000000ebd00000)
  from space 2048K, 99% used [0x00000000ebd00000,0x00000000ebefbb48,0x00000000ebf00000)
  to   space 3072K, 0% used [0x00000000ecb00000,0x00000000ecb00000,0x00000000ece00000)
 ParOldGen       total 195072K, used 5434K [0x00000000c0000000, 0x00000000cbe80000, 0x00000000eab00000)
  object space 195072K, 2% used [0x00000000c0000000,0x00000000c054eb58,0x00000000cbe80000)
 Metaspace       used 16122K, capacity 16420K, committed 16768K, reserved 1062912K
  class space    used 2225K, capacity 2320K, committed 2432K, reserved 1048576K
Event: 2.587 GC heap after
Heap after GC invocations=14 (full 0):
 PSYoungGen      total 32256K, used 2539K [0x00000000eab00000, 0x00000000ecf00000, 0x0000000100000000)
  eden space 29184K, 0% used [0x00000000eab00000,0x00000000eab00000,0x00000000ec780000)
  from space 3072K, 82% used [0x00000000ecb00000,0x00000000ecd7ae28,0x00000000ece00000)
  to   space 3584K, 0% used [0x00000000ec780000,0x00000000ec780000,0x00000000ecb00000)
 ParOldGen       total 195072K, used 6939K [0x00000000c0000000, 0x00000000cbe80000, 0x00000000eab00000)
  object space 195072K, 3% used [0x00000000c0000000,0x00000000c06c6f18,0x00000000cbe80000)
 Metaspace       used 16122K, capacity 16420K, committed 16768K, reserved 1062912K
  class space    used 2225K, capacity 2320K, committed 2432K, reserved 1048576K
}
Event: 3.368 GC heap before
{Heap before GC invocations=15 (full 0):
 PSYoungGen      total 32256K, used 31720K [0x00000000eab00000, 0x00000000ecf00000, 0x0000000100000000)
  eden space 29184K, 99% used [0x00000000eab00000,0x00000000ec77f320,0x00000000ec780000)
  from space 3072K, 82% used [0x00000000ecb00000,0x00000000ecd7ae28,0x00000000ece00000)
  to   space 3584K, 0% used [0x00000000ec780000,0x00000000ec780000,0x00000000ecb00000)
 ParOldGen       total 195072K, used 6939K [0x00000000c0000000, 0x00000000cbe80000, 0x00000000eab00000)
  object space 195072K, 3% used [0x00000000c0000000,0x00000000c06c6f18,0x00000000cbe80000)
 Metaspace       used 19064K, capacity 19370K, committed 19712K, reserved 1067008K
  class space    used 2604K, capacity 2705K, committed 2816K, reserved 1048576K
Event: 3.433 GC heap after
Heap after GC invocations=15 (full 0):
 PSYoungGen      total 32768K, used 3411K [0x00000000eab00000, 0x00000000ee100000, 0x0000000100000000)
  eden space 29184K, 0% used [0x00000000eab00000,0x00000000eab00000,0x00000000ec780000)
  from space 3584K, 95% used [0x00000000ec780000,0x00000000ecad4fb0,0x00000000ecb00000)
  to   space 4096K, 0% used [0x00000000edd00000,0x00000000edd00000,0x00000000ee100000)
 ParOldGen       total 195072K, used 7693K [0x00000000c0000000, 0x00000000cbe80000, 0x00000000eab00000)
  object space 195072K, 3% used [0x00000000c0000000,0x00000000c0783748,0x00000000cbe80000)
 Metaspace       used 19064K, capacity 19370K, committed 19712K, reserved 1067008K
  class space    used 2604K, capacity 2705K, committed 2816K, reserved 1048576K
}
Event: 3.787 GC heap before
{Heap before GC invocations=16 (full 0):
 PSYoungGen      total 32768K, used 15831K [0x00000000eab00000, 0x00000000ee100000, 0x0000000100000000)
  eden space 29184K, 42% used [0x00000000eab00000,0x00000000eb720df0,0x00000000ec780000)
  from space 3584K, 95% used [0x00000000ec780000,0x00000000ecad4fb0,0x00000000ecb00000)
  to   space 4096K, 0% used [0x00000000edd00000,0x00000000edd00000,0x00000000ee100000)
 ParOldGen       total 195072K, used 7693K [0x00000000c0000000, 0x00000000cbe80000, 0x00000000eab00000)
  object space 195072K, 3% used [0x00000000c0000000,0x00000000c0783748,0x00000000cbe80000)
 Metaspace       used 20830K, capacity 21172K, committed 21248K, reserved 1067008K
  class space    used 2728K, capacity 2814K, committed 2816K, reserved 1048576K
Event: 3.792 GC heap after
Heap after GC invocations=16 (full 0):
 PSYoungGen      total 51200K, used 2761K [0x00000000eab00000, 0x00000000ee100000, 0x0000000100000000)
  eden space 47104K, 0% used [0x00000000eab00000,0x00000000eab00000,0x00000000ed900000)
  from space 4096K, 67% used [0x00000000edd00000,0x00000000edfb2720,0x00000000ee100000)
  to   space 4096K, 0% used [0x00000000ed900000,0x00000000ed900000,0x00000000edd00000)
 ParOldGen       total 195072K, used 8574K [0x00000000c0000000, 0x00000000cbe80000, 0x00000000eab00000)
  object space 195072K, 4% used [0x00000000c0000000,0x00000000c085f878,0x00000000cbe80000)
 Metaspace       used 20830K, capacity 21172K, committed 21248K, reserved 1067008K
  class space    used 2728K, capacity 2814K, committed 2816K, reserved 1048576K
}
Event: 3.792 GC heap before
{Heap before GC invocations=17 (full 1):
 PSYoungGen      total 51200K, used 2761K [0x00000000eab00000, 0x00000000ee100000, 0x0000000100000000)
  eden space 47104K, 0% used [0x00000000eab00000,0x00000000eab00000,0x00000000ed900000)
  from space 4096K, 67% used [0x00000000edd00000,0x00000000edfb2720,0x00000000ee100000)
  to   space 4096K, 0% used [0x00000000ed900000,0x00000000ed900000,0x00000000edd00000)
 ParOldGen       total 195072K, used 8574K [0x00000000c0000000, 0x00000000cbe80000, 0x00000000eab00000)
  object space 195072K, 4% used [0x00000000c0000000,0x00000000c085f878,0x00000000cbe80000)
 Metaspace       used 20830K, capacity 21172K, committed 21248K, reserved 1067008K
  class space    used 2728K, capacity 2814K, committed 2816K, reserved 1048576K
Event: 3.882 GC heap after
Heap after GC invocations=17 (full 1):
 PSYoungGen      total 51200K, used 0K [0x00000000eab00000, 0x00000000ee100000, 0x0000000100000000)
  eden space 47104K, 0% used [0x00000000eab00000,0x00000000eab00000,0x00000000ed900000)
  from space 4096K, 0% used [0x00000000edd00000,0x00000000edd00000,0x00000000ee100000)
  to   space 4096K, 0% used [0x00000000ed900000,0x00000000ed900000,0x00000000edd00000)
 ParOldGen       total 11776K, used 8843K [0x00000000c0000000, 0x00000000c0b80000, 0x00000000eab00000)
  object space 11776K, 75% used [0x00000000c0000000,0x00000000c08a2db8,0x00000000c0b80000)
 Metaspace       used 20804K, capacity 21084K, committed 21248K, reserved 1067008K
  class space    used 2720K, capacity 2806K, committed 2816K, reserved 1048576K
}

